2025-05-30 21:01:33 0 [Note] Starting MariaDB 10.4.32-MariaDB source revision c4143f909528e3fab0677a28631d10389354c491 as process 15272
2025-05-30 21:01:33 0 [Note] InnoDB: Mutexes and rw_locks use Windows interlocked functions
2025-05-30 21:01:33 0 [Note] InnoDB: Uses event mutexes
2025-05-30 21:01:33 0 [Note] InnoDB: Compressed tables use zlib 1.3
2025-05-30 21:01:33 0 [Note] InnoDB: Number of pools: 1
2025-05-30 21:01:33 0 [Note] InnoDB: Using SSE2 crc32 instructions
2025-05-30 21:01:33 0 [Note] InnoDB: Initializing buffer pool, total size = 16M, instances = 1, chunk size = 16M
2025-05-30 21:01:33 0 [Note] InnoDB: Completed initialization of buffer pool
2025-05-30 21:01:33 0 [Note] InnoDB: Starting crash recovery from checkpoint LSN=300288
2025-05-30 21:01:33 0 [Note] InnoDB: 128 out of 128 rollback segments are active.
2025-05-30 21:01:33 0 [Note] InnoDB: Removed temporary tablespace data file: "ibtmp1"
2025-05-30 21:01:33 0 [Note] InnoDB: Creating shared tablespace for temporary tables
2025-05-30 21:01:33 0 [Note] InnoDB: Setting file 'D:\xampp\mysql\data\ibtmp1' size to 12 MB. Physically writing the file full; Please wait ...
2025-05-30 21:01:33 0 [Note] InnoDB: File 'D:\xampp\mysql\data\ibtmp1' size is now 12 MB.
2025-05-30 21:01:33 0 [Note] InnoDB: Waiting for purge to start
2025-05-30 21:01:34 0 [Note] InnoDB: 10.4.32 started; log sequence number 300297; transaction id 170
2025-05-30 21:01:34 0 [Note] InnoDB: Loading buffer pool(s) from D:\xampp\mysql\data\ib_buffer_pool
2025-05-30 21:01:34 0 [Note] Plugin 'FEEDBACK' is disabled.
2025-05-30 21:01:34 0 [Note] Server socket created on IP: '::'.
2025-05-30 21:01:34 0 [Note] InnoDB: Buffer pool(s) load completed at 250530 21:01:34
2025-06-06 16:24:24 0 [Note] Starting MariaDB 10.4.32-MariaDB source revision c4143f909528e3fab0677a28631d10389354c491 as process 3016
2025-06-06 16:24:24 0 [Note] InnoDB: Mutexes and rw_locks use Windows interlocked functions
2025-06-06 16:24:24 0 [Note] InnoDB: Uses event mutexes
2025-06-06 16:24:24 0 [Note] InnoDB: Compressed tables use zlib 1.3
2025-06-06 16:24:24 0 [Note] InnoDB: Number of pools: 1
2025-06-06 16:24:24 0 [Note] InnoDB: Using SSE2 crc32 instructions
2025-06-06 16:24:24 0 [Note] InnoDB: Initializing buffer pool, total size = 16M, instances = 1, chunk size = 16M
2025-06-06 16:24:24 0 [Note] InnoDB: Completed initialization of buffer pool
2025-06-06 16:24:24 0 [Note] InnoDB: Starting crash recovery from checkpoint LSN=309914
2025-06-06 16:24:25 0 [Note] InnoDB: 128 out of 128 rollback segments are active.
2025-06-06 16:24:25 0 [Note] InnoDB: Removed temporary tablespace data file: "ibtmp1"
2025-06-06 16:24:25 0 [Note] InnoDB: Creating shared tablespace for temporary tables
2025-06-06 16:24:25 0 [Note] InnoDB: Setting file 'D:\xampp\mysql\data\ibtmp1' size to 12 MB. Physically writing the file full; Please wait ...
2025-06-06 16:24:25 0 [Note] InnoDB: File 'D:\xampp\mysql\data\ibtmp1' size is now 12 MB.
2025-06-06 16:24:25 0 [Note] InnoDB: Waiting for purge to start
2025-06-06 16:24:25 0 [Note] InnoDB: 10.4.32 started; log sequence number 309923; transaction id 232
2025-06-06 16:24:25 0 [Note] InnoDB: Loading buffer pool(s) from D:\xampp\mysql\data\ib_buffer_pool
2025-06-06 16:24:25 0 [Note] Plugin 'FEEDBACK' is disabled.
2025-06-06 16:24:26 0 [Note] Server socket created on IP: '::'.
2025-06-06 19:25:05 0 [Note] Starting MariaDB 10.4.32-MariaDB source revision c4143f909528e3fab0677a28631d10389354c491 as process 18100
2025-06-06 19:25:05 0 [Note] InnoDB: Mutexes and rw_locks use Windows interlocked functions
2025-06-06 19:25:05 0 [Note] InnoDB: Uses event mutexes
2025-06-06 19:25:05 0 [Note] InnoDB: Compressed tables use zlib 1.3
2025-06-06 19:25:05 0 [Note] InnoDB: Number of pools: 1
2025-06-06 19:25:05 0 [Note] InnoDB: Using SSE2 crc32 instructions
2025-06-06 19:25:05 0 [Note] InnoDB: Initializing buffer pool, total size = 16M, instances = 1, chunk size = 16M
2025-06-06 19:25:05 0 [Note] InnoDB: Completed initialization of buffer pool
2025-06-06 19:25:05 0 [Note] InnoDB: Starting crash recovery from checkpoint LSN=315863
2025-06-06 19:25:05 0 [Note] InnoDB: 128 out of 128 rollback segments are active.
2025-06-06 19:25:05 0 [Note] InnoDB: Removed temporary tablespace data file: "ibtmp1"
2025-06-06 19:25:05 0 [Note] InnoDB: Creating shared tablespace for temporary tables
2025-06-06 19:25:05 0 [Note] InnoDB: Setting file 'D:\xampp\mysql\data\ibtmp1' size to 12 MB. Physically writing the file full; Please wait ...
2025-06-06 19:25:05 0 [Note] InnoDB: File 'D:\xampp\mysql\data\ibtmp1' size is now 12 MB.
2025-06-06 19:25:05 0 [Note] InnoDB: Waiting for purge to start
2025-06-06 19:25:05 0 [Note] InnoDB: 10.4.32 started; log sequence number 315872; transaction id 279
2025-06-06 19:25:05 0 [Note] InnoDB: Loading buffer pool(s) from D:\xampp\mysql\data\ib_buffer_pool
2025-06-06 19:25:05 0 [Note] Plugin 'FEEDBACK' is disabled.
2025-06-06 19:25:05 0 [Note] Server socket created on IP: '::'.
2025-06-06 19:40:52 0 [Note] Starting MariaDB 10.4.32-MariaDB source revision c4143f909528e3fab0677a28631d10389354c491 as process 8372
2025-06-06 19:40:52 0 [Note] InnoDB: Mutexes and rw_locks use Windows interlocked functions
2025-06-06 19:40:52 0 [Note] InnoDB: Uses event mutexes
2025-06-06 19:40:52 0 [Note] InnoDB: Compressed tables use zlib 1.3
2025-06-06 19:40:52 0 [Note] InnoDB: Number of pools: 1
2025-06-06 19:40:52 0 [Note] InnoDB: Using SSE2 crc32 instructions
2025-06-06 19:40:52 0 [Note] InnoDB: Initializing buffer pool, total size = 16M, instances = 1, chunk size = 16M
2025-06-06 19:40:52 0 [Note] InnoDB: Completed initialization of buffer pool
2025-06-06 19:40:52 0 [Note] InnoDB: Starting crash recovery from checkpoint LSN=317406
2025-06-06 19:40:52 0 [Note] InnoDB: 128 out of 128 rollback segments are active.
2025-06-06 19:40:52 0 [Note] InnoDB: Removed temporary tablespace data file: "ibtmp1"
2025-06-06 19:40:52 0 [Note] InnoDB: Creating shared tablespace for temporary tables
2025-06-06 19:40:52 0 [Note] InnoDB: Setting file 'D:\xampp\mysql\data\ibtmp1' size to 12 MB. Physically writing the file full; Please wait ...
2025-06-06 19:40:52 0 [Note] InnoDB: File 'D:\xampp\mysql\data\ibtmp1' size is now 12 MB.
2025-06-06 19:40:52 0 [Note] InnoDB: Waiting for purge to start
2025-06-06 19:40:52 0 [Note] InnoDB: 10.4.32 started; log sequence number 317415; transaction id 309
2025-06-06 19:40:52 0 [Note] InnoDB: Loading buffer pool(s) from D:\xampp\mysql\data\ib_buffer_pool
2025-06-06 19:40:52 0 [Note] Plugin 'FEEDBACK' is disabled.
2025-06-06 19:40:52 0 [Note] Server socket created on IP: '::'.
2025-06-07 15:29:03 0 [Note] Starting MariaDB 10.4.32-MariaDB source revision c4143f909528e3fab0677a28631d10389354c491 as process 16424
2025-06-07 15:29:03 0 [Note] InnoDB: Mutexes and rw_locks use Windows interlocked functions
2025-06-07 15:29:03 0 [Note] InnoDB: Uses event mutexes
2025-06-07 15:29:03 0 [Note] InnoDB: Compressed tables use zlib 1.3
2025-06-07 15:29:03 0 [Note] InnoDB: Number of pools: 1
2025-06-07 15:29:03 0 [Note] InnoDB: Using SSE2 crc32 instructions
2025-06-07 15:29:03 0 [Note] InnoDB: Initializing buffer pool, total size = 16M, instances = 1, chunk size = 16M
2025-06-07 15:29:03 0 [Note] InnoDB: Completed initialization of buffer pool
2025-06-07 15:29:03 0 [Note] InnoDB: Starting crash recovery from checkpoint LSN=317424
2025-06-07 15:29:04 0 [Note] InnoDB: 128 out of 128 rollback segments are active.
2025-06-07 15:29:04 0 [Note] InnoDB: Removed temporary tablespace data file: "ibtmp1"
2025-06-07 15:29:04 0 [Note] InnoDB: Creating shared tablespace for temporary tables
2025-06-07 15:29:04 0 [Note] InnoDB: Setting file 'D:\xampp\mysql\data\ibtmp1' size to 12 MB. Physically writing the file full; Please wait ...
2025-06-07 15:29:04 0 [Note] InnoDB: File 'D:\xampp\mysql\data\ibtmp1' size is now 12 MB.
2025-06-07 15:29:04 0 [Note] InnoDB: Waiting for purge to start
2025-06-07 15:29:04 0 [Note] InnoDB: 10.4.32 started; log sequence number 317433; transaction id 309
2025-06-07 15:29:04 0 [Note] InnoDB: Loading buffer pool(s) from D:\xampp\mysql\data\ib_buffer_pool
2025-06-07 15:29:04 0 [Note] Plugin 'FEEDBACK' is disabled.
2025-06-07 15:29:04 0 [Note] InnoDB: Buffer pool(s) load completed at 250607 15:29:04
2025-06-07 15:29:04 0 [Note] Server socket created on IP: '::'.
