[Fri May 30 20:54:01.451081 2025] [ssl:warn] [pid 13808:tid 480] AH01909: www.example.com:443:0 server certificate does NOT include an ID which matches the server name
[Fri May 30 20:54:01.544876 2025] [ssl:warn] [pid 13808:tid 480] AH01909: www.example.com:443:0 server certificate does NOT include an ID which matches the server name
[Fri May 30 20:54:01.602136 2025] [mpm_winnt:notice] [pid 13808:tid 480] AH00455: Apache/2.4.58 (Win64) OpenSSL/3.1.3 PHP/8.2.12 configured -- resuming normal operations
[Fri May 30 20:54:01.603134 2025] [mpm_winnt:notice] [pid 13808:tid 480] AH00456: Apache Lounge VS17 Server built: Oct 18 2023 13:03:18
[Fri May 30 20:54:01.603134 2025] [core:notice] [pid 13808:tid 480] AH00094: Command line: 'D:\\xampp\\apache\\bin\\httpd.exe -d D:/xampp/apache'
[Fri May 30 20:54:01.633133 2025] [mpm_winnt:notice] [pid 13808:tid 480] AH00418: Parent: Created child process 14348
[Fri May 30 20:54:02.105242 2025] [ssl:warn] [pid 14348:tid 456] AH01909: www.example.com:443:0 server certificate does NOT include an ID which matches the server name
[Fri May 30 20:54:02.221877 2025] [ssl:warn] [pid 14348:tid 456] AH01909: www.example.com:443:0 server certificate does NOT include an ID which matches the server name
[Fri May 30 20:54:02.253120 2025] [mpm_winnt:notice] [pid 14348:tid 456] AH00354: Child: Starting 150 worker threads.
[Fri May 30 21:01:33.408648 2025] [ssl:warn] [pid 15732:tid 452] AH01909: www.example.com:443:0 server certificate does NOT include an ID which matches the server name
[Fri May 30 21:01:33.533620 2025] [ssl:warn] [pid 15732:tid 452] AH01909: www.example.com:443:0 server certificate does NOT include an ID which matches the server name
[Fri May 30 21:01:33.580482 2025] [mpm_winnt:notice] [pid 15732:tid 452] AH00455: Apache/2.4.58 (Win64) OpenSSL/3.1.3 PHP/8.2.12 configured -- resuming normal operations
[Fri May 30 21:01:33.580482 2025] [mpm_winnt:notice] [pid 15732:tid 452] AH00456: Apache Lounge VS17 Server built: Oct 18 2023 13:03:18
[Fri May 30 21:01:33.580482 2025] [core:notice] [pid 15732:tid 452] AH00094: Command line: 'd:\\xampp\\apache\\bin\\httpd.exe -d D:/xampp/apache'
[Fri May 30 21:01:33.580482 2025] [mpm_winnt:notice] [pid 15732:tid 452] AH00418: Parent: Created child process 14812
[Fri May 30 21:01:34.246009 2025] [ssl:warn] [pid 14812:tid 480] AH01909: www.example.com:443:0 server certificate does NOT include an ID which matches the server name
[Fri May 30 21:01:34.327928 2025] [ssl:warn] [pid 14812:tid 480] AH01909: www.example.com:443:0 server certificate does NOT include an ID which matches the server name
[Fri May 30 21:01:34.374792 2025] [mpm_winnt:notice] [pid 14812:tid 480] AH00354: Child: Starting 150 worker threads.
[Fri Jun 06 16:24:27.135765 2025] [ssl:warn] [pid 13916:tid 424] AH01909: www.example.com:443:0 server certificate does NOT include an ID which matches the server name
[Fri Jun 06 16:24:27.327744 2025] [core:warn] [pid 13916:tid 424] AH00098: pid file D:/xampp/apache/logs/httpd.pid overwritten -- Unclean shutdown of previous Apache run?
[Fri Jun 06 16:24:27.330736 2025] [ssl:warn] [pid 13916:tid 424] AH01909: www.example.com:443:0 server certificate does NOT include an ID which matches the server name
[Fri Jun 06 16:24:28.469053 2025] [mpm_winnt:notice] [pid 13916:tid 424] AH00455: Apache/2.4.58 (Win64) OpenSSL/3.1.3 PHP/8.2.12 configured -- resuming normal operations
[Fri Jun 06 16:24:28.469053 2025] [mpm_winnt:notice] [pid 13916:tid 424] AH00456: Apache Lounge VS17 Server built: Oct 18 2023 13:03:18
[Fri Jun 06 16:24:28.469053 2025] [core:notice] [pid 13916:tid 424] AH00094: Command line: 'd:\\xampp\\apache\\bin\\httpd.exe -d D:/xampp/apache'
[Fri Jun 06 16:24:28.473043 2025] [mpm_winnt:notice] [pid 13916:tid 424] AH00418: Parent: Created child process 14720
[Fri Jun 06 16:24:29.038961 2025] [ssl:warn] [pid 14720:tid 428] AH01909: www.example.com:443:0 server certificate does NOT include an ID which matches the server name
[Fri Jun 06 16:24:29.114834 2025] [ssl:warn] [pid 14720:tid 428] AH01909: www.example.com:443:0 server certificate does NOT include an ID which matches the server name
[Fri Jun 06 16:24:29.158787 2025] [mpm_winnt:notice] [pid 14720:tid 428] AH00354: Child: Starting 150 worker threads.
[Fri Jun 06 19:25:05.751812 2025] [ssl:warn] [pid 5588:tid 424] AH01909: www.example.com:443:0 server certificate does NOT include an ID which matches the server name
[Fri Jun 06 19:25:05.838580 2025] [core:warn] [pid 5588:tid 424] AH00098: pid file D:/xampp/apache/logs/httpd.pid overwritten -- Unclean shutdown of previous Apache run?
[Fri Jun 06 19:25:05.841572 2025] [ssl:warn] [pid 5588:tid 424] AH01909: www.example.com:443:0 server certificate does NOT include an ID which matches the server name
[Fri Jun 06 19:25:05.884457 2025] [mpm_winnt:notice] [pid 5588:tid 424] AH00455: Apache/2.4.58 (Win64) OpenSSL/3.1.3 PHP/8.2.12 configured -- resuming normal operations
[Fri Jun 06 19:25:05.884457 2025] [mpm_winnt:notice] [pid 5588:tid 424] AH00456: Apache Lounge VS17 Server built: Oct 18 2023 13:03:18
[Fri Jun 06 19:25:05.884457 2025] [core:notice] [pid 5588:tid 424] AH00094: Command line: 'd:\\xampp\\apache\\bin\\httpd.exe -d D:/xampp/apache'
[Fri Jun 06 19:25:05.887450 2025] [mpm_winnt:notice] [pid 5588:tid 424] AH00418: Parent: Created child process 9432
[Fri Jun 06 19:25:06.368164 2025] [ssl:warn] [pid 9432:tid 452] AH01909: www.example.com:443:0 server certificate does NOT include an ID which matches the server name
[Fri Jun 06 19:25:06.438975 2025] [ssl:warn] [pid 9432:tid 452] AH01909: www.example.com:443:0 server certificate does NOT include an ID which matches the server name
[Fri Jun 06 19:25:06.482857 2025] [mpm_winnt:notice] [pid 9432:tid 452] AH00354: Child: Starting 150 worker threads.
[Fri Jun 06 19:25:22.755358 2025] [php:error] [pid 9432:tid 1880] [client ::1:63094] PHP Fatal error:  strict_types declaration must be the very first statement in the script in D:\\xampp\\phpMyAdmin\\index.php on line 5, referer: http://localhost/dashboard/
[Fri Jun 06 19:40:08.063483 2025] [php:error] [pid 9432:tid 1860] [client ::1:50355] PHP Fatal error:  Uncaught mysqli_sql_exception: Unknown database 'geeksforgeeks' in D:\\xampp\\htdocs\\ITSPACE\\database.php:15\nStack trace:\n#0 D:\\xampp\\htdocs\\ITSPACE\\database.php(15): mysqli->__construct('localhost:3306', 'root', Object(SensitiveParameterValue), 'geeksforgeeks')\n#1 D:\\xampp\\htdocs\\ITSPACE\\index.php(3): require('D:\\\\xampp\\\\htdocs...')\n#2 {main}\n  thrown in D:\\xampp\\htdocs\\ITSPACE\\database.php on line 15, referer: http://localhost/
[Fri Jun 06 19:40:27.843608 2025] [php:error] [pid 9432:tid 1860] [client ::1:50417] PHP Fatal error:  Uncaught mysqli_sql_exception: Unknown database 'geeksforgeeks' in D:\\xampp\\htdocs\\ITSPACE\\database.php:15\nStack trace:\n#0 D:\\xampp\\htdocs\\ITSPACE\\database.php(15): mysqli->__construct('localhost:3306', 'root', Object(SensitiveParameterValue), 'geeksforgeeks')\n#1 D:\\xampp\\htdocs\\ITSPACE\\index.php(3): require('D:\\\\xampp\\\\htdocs...')\n#2 {main}\n  thrown in D:\\xampp\\htdocs\\ITSPACE\\database.php on line 15, referer: http://localhost/
[Fri Jun 06 19:40:29.045396 2025] [php:error] [pid 9432:tid 1860] [client ::1:50417] PHP Fatal error:  Uncaught mysqli_sql_exception: Unknown database 'geeksforgeeks' in D:\\xampp\\htdocs\\ITSPACE\\database.php:15\nStack trace:\n#0 D:\\xampp\\htdocs\\ITSPACE\\database.php(15): mysqli->__construct('localhost:3306', 'root', Object(SensitiveParameterValue), 'geeksforgeeks')\n#1 D:\\xampp\\htdocs\\ITSPACE\\index.php(3): require('D:\\\\xampp\\\\htdocs...')\n#2 {main}\n  thrown in D:\\xampp\\htdocs\\ITSPACE\\database.php on line 15, referer: http://localhost/
[Fri Jun 06 19:40:32.896102 2025] [php:error] [pid 9432:tid 1860] [client ::1:50417] PHP Fatal error:  Uncaught mysqli_sql_exception: Unknown database 'geeksforgeeks' in D:\\xampp\\htdocs\\ITSPACE\\database.php:15\nStack trace:\n#0 D:\\xampp\\htdocs\\ITSPACE\\database.php(15): mysqli->__construct('localhost:3306', 'root', Object(SensitiveParameterValue), 'geeksforgeeks')\n#1 D:\\xampp\\htdocs\\ITSPACE\\index.php(3): require('D:\\\\xampp\\\\htdocs...')\n#2 {main}\n  thrown in D:\\xampp\\htdocs\\ITSPACE\\database.php on line 15, referer: http://localhost/
[Fri Jun 06 19:40:55.957456 2025] [ssl:warn] [pid 18220:tid 468] AH01909: www.example.com:443:0 server certificate does NOT include an ID which matches the server name
[Fri Jun 06 19:40:56.030260 2025] [core:warn] [pid 18220:tid 468] AH00098: pid file D:/xampp/apache/logs/httpd.pid overwritten -- Unclean shutdown of previous Apache run?
[Fri Jun 06 19:40:56.033253 2025] [ssl:warn] [pid 18220:tid 468] AH01909: www.example.com:443:0 server certificate does NOT include an ID which matches the server name
[Fri Jun 06 19:40:56.078134 2025] [mpm_winnt:notice] [pid 18220:tid 468] AH00455: Apache/2.4.58 (Win64) OpenSSL/3.1.3 PHP/8.2.12 configured -- resuming normal operations
[Fri Jun 06 19:40:56.078134 2025] [mpm_winnt:notice] [pid 18220:tid 468] AH00456: Apache Lounge VS17 Server built: Oct 18 2023 13:03:18
[Fri Jun 06 19:40:56.078134 2025] [core:notice] [pid 18220:tid 468] AH00094: Command line: 'd:\\xampp\\apache\\bin\\httpd.exe -d D:/xampp/apache'
[Fri Jun 06 19:40:56.081124 2025] [mpm_winnt:notice] [pid 18220:tid 468] AH00418: Parent: Created child process 17348
[Fri Jun 06 19:40:56.543888 2025] [ssl:warn] [pid 17348:tid 432] AH01909: www.example.com:443:0 server certificate does NOT include an ID which matches the server name
[Fri Jun 06 19:40:56.612703 2025] [ssl:warn] [pid 17348:tid 432] AH01909: www.example.com:443:0 server certificate does NOT include an ID which matches the server name
[Fri Jun 06 19:40:56.658581 2025] [mpm_winnt:notice] [pid 17348:tid 432] AH00354: Child: Starting 150 worker threads.
[Fri Jun 06 19:41:14.033136 2025] [php:error] [pid 17348:tid 1876] [client ::1:50604] PHP Fatal error:  Uncaught mysqli_sql_exception: Unknown database 'geeksforgeeks' in D:\\xampp\\htdocs\\ITSPACE\\database.php:15\nStack trace:\n#0 D:\\xampp\\htdocs\\ITSPACE\\database.php(15): mysqli->__construct('localhost:3306', 'root', Object(SensitiveParameterValue), 'geeksforgeeks')\n#1 D:\\xampp\\htdocs\\ITSPACE\\index.php(3): require('D:\\\\xampp\\\\htdocs...')\n#2 {main}\n  thrown in D:\\xampp\\htdocs\\ITSPACE\\database.php on line 15, referer: http://localhost/
[Fri Jun 06 19:41:52.904227 2025] [php:error] [pid 17348:tid 1880] [client ::1:50603] PHP Fatal error:  Uncaught mysqli_sql_exception: Unknown database 'planets' in D:\\xampp\\htdocs\\ITSPACE\\database.php:15\nStack trace:\n#0 D:\\xampp\\htdocs\\ITSPACE\\database.php(15): mysqli->__construct('localhost:3306', 'root', Object(SensitiveParameterValue), 'planets')\n#1 D:\\xampp\\htdocs\\ITSPACE\\index.php(3): require('D:\\\\xampp\\\\htdocs...')\n#2 {main}\n  thrown in D:\\xampp\\htdocs\\ITSPACE\\database.php on line 15, referer: http://localhost/
[Fri Jun 06 19:42:45.664192 2025] [php:error] [pid 17348:tid 1876] [client ::1:50756] PHP Fatal error:  Uncaught mysqli_sql_exception: Table 'itspace.user_info' doesn't exist in D:\\xampp\\htdocs\\ITSPACE\\index.php:11\nStack trace:\n#0 D:\\xampp\\htdocs\\ITSPACE\\index.php(11): mysqli_query(Object(mysqli), 'SELECT * FROM `...')\n#1 {main}\n  thrown in D:\\xampp\\htdocs\\ITSPACE\\index.php on line 11, referer: http://localhost/
[Fri Jun 06 19:43:24.663938 2025] [php:warn] [pid 17348:tid 1880] [client ::1:50956] PHP Warning:  Undefined array key "name" in D:\\xampp\\htdocs\\ITSPACE\\index.php on line 19, referer: http://localhost/
[Fri Jun 06 19:49:02.760701 2025] [ssl:warn] [pid 5376:tid 464] AH01909: www.example.com:443:0 server certificate does NOT include an ID which matches the server name
[Fri Jun 06 19:49:02.877389 2025] [core:warn] [pid 5376:tid 464] AH00098: pid file D:/xampp/apache/logs/httpd.pid overwritten -- Unclean shutdown of previous Apache run?
[Fri Jun 06 19:49:02.880382 2025] [ssl:warn] [pid 5376:tid 464] AH01909: www.example.com:443:0 server certificate does NOT include an ID which matches the server name
[Fri Jun 06 19:49:02.922269 2025] [mpm_winnt:notice] [pid 5376:tid 464] AH00455: Apache/2.4.58 (Win64) OpenSSL/3.1.3 PHP/8.2.12 configured -- resuming normal operations
[Fri Jun 06 19:49:02.922269 2025] [mpm_winnt:notice] [pid 5376:tid 464] AH00456: Apache Lounge VS17 Server built: Oct 18 2023 13:03:18
[Fri Jun 06 19:49:02.922269 2025] [core:notice] [pid 5376:tid 464] AH00094: Command line: 'd:\\xampp\\apache\\bin\\httpd.exe -d D:/xampp/apache'
[Fri Jun 06 19:49:02.925262 2025] [mpm_winnt:notice] [pid 5376:tid 464] AH00418: Parent: Created child process 15236
[Fri Jun 06 19:49:03.390019 2025] [ssl:warn] [pid 15236:tid 428] AH01909: www.example.com:443:0 server certificate does NOT include an ID which matches the server name
[Fri Jun 06 19:49:03.470803 2025] [ssl:warn] [pid 15236:tid 428] AH01909: www.example.com:443:0 server certificate does NOT include an ID which matches the server name
[Fri Jun 06 19:49:03.515683 2025] [mpm_winnt:notice] [pid 15236:tid 428] AH00354: Child: Starting 150 worker threads.
[Sat Jun 07 15:29:01.181650 2025] [ssl:warn] [pid 17280:tid 424] AH01909: www.example.com:443:0 server certificate does NOT include an ID which matches the server name
[Sat Jun 07 15:29:01.290358 2025] [core:warn] [pid 17280:tid 424] AH00098: pid file D:/xampp/apache/logs/httpd.pid overwritten -- Unclean shutdown of previous Apache run?
[Sat Jun 07 15:29:01.292355 2025] [ssl:warn] [pid 17280:tid 424] AH01909: www.example.com:443:0 server certificate does NOT include an ID which matches the server name
[Sat Jun 07 15:29:01.897735 2025] [mpm_winnt:notice] [pid 17280:tid 424] AH00455: Apache/2.4.58 (Win64) OpenSSL/3.1.3 PHP/8.2.12 configured -- resuming normal operations
[Sat Jun 07 15:29:01.897735 2025] [mpm_winnt:notice] [pid 17280:tid 424] AH00456: Apache Lounge VS17 Server built: Oct 18 2023 13:03:18
[Sat Jun 07 15:29:01.897735 2025] [core:notice] [pid 17280:tid 424] AH00094: Command line: 'd:\\xampp\\apache\\bin\\httpd.exe -d D:/xampp/apache'
[Sat Jun 07 15:29:01.900727 2025] [mpm_winnt:notice] [pid 17280:tid 424] AH00418: Parent: Created child process 5804
[Sat Jun 07 15:29:02.496136 2025] [ssl:warn] [pid 5804:tid 428] AH01909: www.example.com:443:0 server certificate does NOT include an ID which matches the server name
[Sat Jun 07 15:29:02.591879 2025] [ssl:warn] [pid 5804:tid 428] AH01909: www.example.com:443:0 server certificate does NOT include an ID which matches the server name
[Sat Jun 07 15:29:02.636759 2025] [mpm_winnt:notice] [pid 5804:tid 428] AH00354: Child: Starting 150 worker threads.
[Sat Jun 07 16:09:15.511636 2025] [php:warn] [pid 5804:tid 1900] [client ::1:60055] PHP Warning:  Undefined array key "payload" in D:\\xampp\\htdocs\\ITSPACE\\index.php on line 10, referer: http://localhost/
[Sat Jun 07 16:09:22.741429 2025] [php:warn] [pid 5804:tid 1900] [client ::1:60079] PHP Warning:  Undefined array key "payload" in D:\\xampp\\htdocs\\ITSPACE\\index.php on line 10
[Sat Jun 07 16:09:22.747413 2025] [php:warn] [pid 5804:tid 1876] [client ::1:60080] PHP Warning:  Undefined array key "payload" in D:\\xampp\\htdocs\\ITSPACE\\index.php on line 10
[Sat Jun 07 16:09:31.373487 2025] [php:warn] [pid 5804:tid 1872] [client ::1:60056] PHP Warning:  Undefined array key "payload" in D:\\xampp\\htdocs\\ITSPACE\\index.php on line 10, referer: http://localhost/
[Sat Jun 07 16:09:32.425192 2025] [php:warn] [pid 5804:tid 1872] [client ::1:60056] PHP Warning:  Undefined array key "payload" in D:\\xampp\\htdocs\\ITSPACE\\index.php on line 10, referer: http://localhost/
[Sat Jun 07 16:15:38.905329 2025] [php:warn] [pid 5804:tid 1876] [client ::1:61450] PHP Warning:  Undefined array key "payload" in D:\\xampp\\htdocs\\ITSPACE\\index.php on line 10, referer: http://localhost/
[Sat Jun 07 16:15:39.467825 2025] [php:warn] [pid 5804:tid 1876] [client ::1:61450] PHP Warning:  Undefined array key "payload" in D:\\xampp\\htdocs\\ITSPACE\\index.php on line 10, referer: http://localhost/
[Sat Jun 07 16:15:39.668794 2025] [php:warn] [pid 5804:tid 1876] [client ::1:61450] PHP Warning:  Undefined array key "payload" in D:\\xampp\\htdocs\\ITSPACE\\index.php on line 10, referer: http://localhost/
[Sat Jun 07 16:17:37.365131 2025] [php:warn] [pid 5804:tid 1872] [client ::1:61883] PHP Warning:  Undefined array key "payload" in D:\\xampp\\htdocs\\ITSPACE\\index.php on line 10
[Sat Jun 07 16:17:37.368123 2025] [php:warn] [pid 5804:tid 1876] [client ::1:61885] PHP Warning:  Undefined array key "payload" in D:\\xampp\\htdocs\\ITSPACE\\index.php on line 10
[Sat Jun 07 16:18:14.897434 2025] [php:warn] [pid 5804:tid 1872] [client ::1:62028] PHP Warning:  Undefined array key "payload" in D:\\xampp\\htdocs\\ITSPACE\\index.php on line 10
[Sat Jun 07 16:18:14.897434 2025] [php:warn] [pid 5804:tid 1876] [client ::1:62027] PHP Warning:  Undefined array key "payload" in D:\\xampp\\htdocs\\ITSPACE\\index.php on line 10
[Sat Jun 07 16:18:39.682574 2025] [php:warn] [pid 5804:tid 1872] [client ::1:62124] PHP Warning:  Undefined array key "payload" in D:\\xampp\\htdocs\\ITSPACE\\index.php on line 10
[Sat Jun 07 16:18:39.682574 2025] [php:warn] [pid 5804:tid 1876] [client ::1:62125] PHP Warning:  Undefined array key "payload" in D:\\xampp\\htdocs\\ITSPACE\\index.php on line 10
[Sat Jun 07 16:18:57.090379 2025] [php:warn] [pid 5804:tid 1876] [client ::1:62185] PHP Warning:  Undefined array key "payload" in D:\\xampp\\htdocs\\ITSPACE\\index.php on line 10
[Sat Jun 07 16:18:57.091376 2025] [php:warn] [pid 5804:tid 1872] [client ::1:62186] PHP Warning:  Undefined array key "payload" in D:\\xampp\\htdocs\\ITSPACE\\index.php on line 10
[Sat Jun 07 16:19:19.580613 2025] [php:warn] [pid 5804:tid 1872] [client ::1:62282] PHP Warning:  Undefined array key "payload" in D:\\xampp\\htdocs\\ITSPACE\\index.php on line 10
[Sat Jun 07 16:19:19.581611 2025] [php:warn] [pid 5804:tid 1876] [client ::1:62283] PHP Warning:  Undefined array key "payload" in D:\\xampp\\htdocs\\ITSPACE\\index.php on line 10
[Sat Jun 07 16:19:27.681095 2025] [php:warn] [pid 5804:tid 1872] [client ::1:62314] PHP Warning:  Undefined array key "payload" in D:\\xampp\\htdocs\\ITSPACE\\index.php on line 10
[Sat Jun 07 16:19:27.696057 2025] [php:warn] [pid 5804:tid 1876] [client ::1:62313] PHP Warning:  Undefined array key "payload" in D:\\xampp\\htdocs\\ITSPACE\\index.php on line 10
[Sat Jun 07 16:20:33.745102 2025] [php:warn] [pid 5804:tid 1876] [client ::1:62541] PHP Warning:  Undefined array key "payload" in D:\\xampp\\htdocs\\ITSPACE\\index.php on line 10
[Sat Jun 07 16:20:33.752084 2025] [php:warn] [pid 5804:tid 1872] [client ::1:62543] PHP Warning:  Undefined array key "payload" in D:\\xampp\\htdocs\\ITSPACE\\index.php on line 10
[Sat Jun 07 16:20:53.228868 2025] [php:warn] [pid 5804:tid 1872] [client ::1:62602] PHP Warning:  Undefined array key "payload" in D:\\xampp\\htdocs\\ITSPACE\\index.php on line 10
[Sat Jun 07 16:20:53.231861 2025] [php:warn] [pid 5804:tid 1876] [client ::1:62603] PHP Warning:  Undefined array key "payload" in D:\\xampp\\htdocs\\ITSPACE\\index.php on line 10
[Sat Jun 07 16:21:12.219413 2025] [php:warn] [pid 5804:tid 1872] [client ::1:62694] PHP Warning:  Undefined array key "payload" in D:\\xampp\\htdocs\\ITSPACE\\index.php on line 10
[Sat Jun 07 16:21:12.220411 2025] [php:warn] [pid 5804:tid 1876] [client ::1:62695] PHP Warning:  Undefined array key "payload" in D:\\xampp\\htdocs\\ITSPACE\\index.php on line 10
[Sat Jun 07 16:24:15.004217 2025] [php:warn] [pid 5804:tid 1872] [client ::1:63359] PHP Warning:  Array to string conversion in D:\\xampp\\htdocs\\ITSPACE\\index.php on line 9
[Sat Jun 07 16:24:15.013193 2025] [php:warn] [pid 5804:tid 1876] [client ::1:63360] PHP Warning:  Array to string conversion in D:\\xampp\\htdocs\\ITSPACE\\index.php on line 9
[Sat Jun 07 16:24:15.020174 2025] [php:error] [pid 5804:tid 1876] [client ::1:63360] PHP Fatal error:  Uncaught mysqli_sql_exception: Unknown column 'Array' in 'where clause' in D:\\xampp\\htdocs\\ITSPACE\\index.php:11\nStack trace:\n#0 D:\\xampp\\htdocs\\ITSPACE\\index.php(11): mysqli_query(Object(mysqli), 'SELECT * FROM `...')\n#1 {main}\n  thrown in D:\\xampp\\htdocs\\ITSPACE\\index.php on line 11
[Sat Jun 07 16:24:15.020174 2025] [php:error] [pid 5804:tid 1872] [client ::1:63359] PHP Fatal error:  Uncaught mysqli_sql_exception: Unknown column 'Array' in 'where clause' in D:\\xampp\\htdocs\\ITSPACE\\index.php:11\nStack trace:\n#0 D:\\xampp\\htdocs\\ITSPACE\\index.php(11): mysqli_query(Object(mysqli), 'SELECT * FROM `...')\n#1 {main}\n  thrown in D:\\xampp\\htdocs\\ITSPACE\\index.php on line 11
[Sat Jun 07 16:24:22.570124 2025] [php:warn] [pid 5804:tid 1872] [client ::1:63383] PHP Warning:  Array to string conversion in D:\\xampp\\htdocs\\ITSPACE\\index.php on line 9
[Sat Jun 07 16:24:22.571121 2025] [php:error] [pid 5804:tid 1872] [client ::1:63383] PHP Fatal error:  Uncaught mysqli_sql_exception: Unknown column 'Array' in 'where clause' in D:\\xampp\\htdocs\\ITSPACE\\index.php:11\nStack trace:\n#0 D:\\xampp\\htdocs\\ITSPACE\\index.php(11): mysqli_query(Object(mysqli), 'SELECT * FROM `...')\n#1 {main}\n  thrown in D:\\xampp\\htdocs\\ITSPACE\\index.php on line 11
[Sat Jun 07 16:24:22.575109 2025] [php:warn] [pid 5804:tid 1876] [client ::1:63384] PHP Warning:  Array to string conversion in D:\\xampp\\htdocs\\ITSPACE\\index.php on line 9
[Sat Jun 07 16:24:22.575109 2025] [php:error] [pid 5804:tid 1876] [client ::1:63384] PHP Fatal error:  Uncaught mysqli_sql_exception: Unknown column 'Array' in 'where clause' in D:\\xampp\\htdocs\\ITSPACE\\index.php:11\nStack trace:\n#0 D:\\xampp\\htdocs\\ITSPACE\\index.php(11): mysqli_query(Object(mysqli), 'SELECT * FROM `...')\n#1 {main}\n  thrown in D:\\xampp\\htdocs\\ITSPACE\\index.php on line 11
[Sat Jun 07 16:24:46.474105 2025] [php:warn] [pid 5804:tid 1872] [client ::1:63472] PHP Warning:  Array to string conversion in D:\\xampp\\htdocs\\ITSPACE\\index.php on line 9, referer: http://localhost/
[Sat Jun 07 16:24:46.474105 2025] [php:error] [pid 5804:tid 1872] [client ::1:63472] PHP Fatal error:  Uncaught mysqli_sql_exception: Unknown column 'Array' in 'where clause' in D:\\xampp\\htdocs\\ITSPACE\\index.php:11\nStack trace:\n#0 D:\\xampp\\htdocs\\ITSPACE\\index.php(11): mysqli_query(Object(mysqli), 'SELECT * FROM `...')\n#1 {main}\n  thrown in D:\\xampp\\htdocs\\ITSPACE\\index.php on line 11, referer: http://localhost/
[Sat Jun 07 16:25:17.848698 2025] [php:warn] [pid 5804:tid 1876] [client ::1:63473] PHP Warning:  Array to string conversion in D:\\xampp\\htdocs\\ITSPACE\\index.php on line 9, referer: http://localhost/
[Sat Jun 07 16:25:17.849695 2025] [php:error] [pid 5804:tid 1876] [client ::1:63473] PHP Fatal error:  Uncaught mysqli_sql_exception: Unknown column 'Array' in 'where clause' in D:\\xampp\\htdocs\\ITSPACE\\index.php:11\nStack trace:\n#0 D:\\xampp\\htdocs\\ITSPACE\\index.php(11): mysqli_query(Object(mysqli), 'SELECT * FROM `...')\n#1 {main}\n  thrown in D:\\xampp\\htdocs\\ITSPACE\\index.php on line 11, referer: http://localhost/
[Sat Jun 07 16:25:18.658551 2025] [php:warn] [pid 5804:tid 1876] [client ::1:63473] PHP Warning:  Array to string conversion in D:\\xampp\\htdocs\\ITSPACE\\index.php on line 9, referer: http://localhost/
[Sat Jun 07 16:25:18.658551 2025] [php:error] [pid 5804:tid 1876] [client ::1:63473] PHP Fatal error:  Uncaught mysqli_sql_exception: Unknown column 'Array' in 'where clause' in D:\\xampp\\htdocs\\ITSPACE\\index.php:11\nStack trace:\n#0 D:\\xampp\\htdocs\\ITSPACE\\index.php(11): mysqli_query(Object(mysqli), 'SELECT * FROM `...')\n#1 {main}\n  thrown in D:\\xampp\\htdocs\\ITSPACE\\index.php on line 11, referer: http://localhost/
[Sat Jun 07 16:26:05.459223 2025] [php:error] [pid 5804:tid 1872] [client ::1:63595] PHP Fatal error:  Uncaught Error: Call to undefined function mysql_real_escape_string() in D:\\xampp\\htdocs\\ITSPACE\\index.php:9\nStack trace:\n#0 {main}\n  thrown in D:\\xampp\\htdocs\\ITSPACE\\index.php on line 9, referer: http://localhost/
[Sat Jun 07 16:27:11.174100 2025] [php:error] [pid 5804:tid 1876] [client ::1:64027] PHP Fatal error:  Uncaught Error: Non-static method PDO::prepare() cannot be called statically in D:\\xampp\\htdocs\\ITSPACE\\index.php:9\nStack trace:\n#0 {main}\n  thrown in D:\\xampp\\htdocs\\ITSPACE\\index.php on line 9, referer: http://localhost/
[Sat Jun 07 16:29:15.461835 2025] [php:error] [pid 5804:tid 1872] [client ::1:64475] PHP Fatal error:  Uncaught TypeError: json_decode(): Argument #1 ($json) must be of type string, array given in D:\\xampp\\htdocs\\ITSPACE\\index.php:10\nStack trace:\n#0 D:\\xampp\\htdocs\\ITSPACE\\index.php(10): json_decode(Array)\n#1 {main}\n  thrown in D:\\xampp\\htdocs\\ITSPACE\\index.php on line 10, referer: http://localhost/
[Sat Jun 07 16:38:03.955972 2025] [php:error] [pid 5804:tid 1876] [client ::1:49995] PHP Parse error:  syntax error, unexpected variable "$query_executed", expecting "," or ";" in D:\\xampp\\htdocs\\ITSPACE\\index.php on line 17, referer: http://localhost/
[Sat Jun 07 16:38:37.253963 2025] [php:error] [pid 5804:tid 1872] [client ::1:49996] PHP Parse error:  syntax error, unexpected variable "$row", expecting "," or ";" in D:\\xampp\\htdocs\\ITSPACE\\index.php on line 17, referer: http://localhost/
[Sat Jun 07 16:38:59.778752 2025] [php:error] [pid 5804:tid 1876] [client ::1:50133] PHP Parse error:  syntax error, unexpected variable "$row", expecting "," or ";" in D:\\xampp\\htdocs\\ITSPACE\\index.php on line 17, referer: http://localhost/
[Sat Jun 07 16:39:00.615514 2025] [php:error] [pid 5804:tid 1876] [client ::1:50133] PHP Parse error:  syntax error, unexpected variable "$row", expecting "," or ";" in D:\\xampp\\htdocs\\ITSPACE\\index.php on line 17, referer: http://localhost/
[Sat Jun 07 16:39:00.879808 2025] [php:error] [pid 5804:tid 1876] [client ::1:50133] PHP Parse error:  syntax error, unexpected variable "$row", expecting "," or ";" in D:\\xampp\\htdocs\\ITSPACE\\index.php on line 17, referer: http://localhost/
[Sat Jun 07 16:39:26.049527 2025] [php:error] [pid 5804:tid 1872] [client ::1:50202] PHP Parse error:  syntax error, unexpected variable "$row", expecting "," or ";" in D:\\xampp\\htdocs\\ITSPACE\\index.php on line 17, referer: http://localhost/
[Sat Jun 07 16:39:56.443280 2025] [php:warn] [pid 5804:tid 1876] [client ::1:50297] PHP Warning:  Undefined variable $result in D:\\xampp\\htdocs\\ITSPACE\\index.php on line 15, referer: http://localhost/
[Sat Jun 07 16:39:56.462230 2025] [php:error] [pid 5804:tid 1876] [client ::1:50297] PHP Fatal error:  Uncaught Error: Call to a member function fetch_assoc() on null in D:\\xampp\\htdocs\\ITSPACE\\index.php:15\nStack trace:\n#0 {main}\n  thrown in D:\\xampp\\htdocs\\ITSPACE\\index.php on line 15, referer: http://localhost/
